<?xml version="1.0" encoding="UTF-8"?>
<testng-results skipped="0" failed="0" ignored="0" total="3" passed="3">
  <reporter-output>
    <line>
      <![CDATA[About to begin executing Suite SathyaElectronics]]>
    </line>
    <line>
      <![CDATA[About to begin executing Test Test1]]>
    </line>
    <line>
      <![CDATA[About to begin executing Test Test1]]>
    </line>
    <line>
      <![CDATA[About to begin executing following method : ProductExcelWrite.setUp]]>
    </line>
    <line>
      <![CDATA[Completed executing following method : ProductExcelWrite.setUp]]>
    </line>
    <line>
      <![CDATA[About to begin executing following method : ProductExcelWrite.bMtdGnrlMtd]]>
    </line>
    <line>
      <![CDATA[Completed executing following method : ProductExcelWrite.bMtdGnrlMtd]]>
    </line>
    <line>
      <![CDATA[About to begin executing following method : ProductExcelWrite.generalMtd]]>
    </line>
    <line>
      <![CDATA[Completed executing following method : ProductExcelWrite.generalMtd]]>
    </line>
    <line>
      <![CDATA[Test Method resides in sathyatest.ProductExcelWrite]]>
    </line>
    <line>
      <![CDATA[Test Method had the following parameters : nullpages.HomeAppliances@3a5ecce3,pages.HomeAppliancesProduct@561868a0,1,2,]]>
    </line>
    <line>
      <![CDATA[Test Status: Pass]]>
    </line>
    <line>
      <![CDATA[Test Method resides in sathyatest.ProductExcelWrite]]>
    </line>
    <line>
      <![CDATA[Test Method had the following parameters : nullpages.HomeAppliances@3a5ecce3,pages.HomeAppliancesProduct@561868a0,1,2,]]>
    </line>
    <line>
      <![CDATA[Test Status: Pass]]>
    </line>
    <line>
      <![CDATA[About to begin executing following method : ProductExcelWrite.bMtdGnrlMtd]]>
    </line>
    <line>
      <![CDATA[Completed executing following method : ProductExcelWrite.bMtdGnrlMtd]]>
    </line>
    <line>
      <![CDATA[About to begin executing following method : ProductExcelWrite.generalMtd]]>
    </line>
    <line>
      <![CDATA[Completed executing following method : ProductExcelWrite.generalMtd]]>
    </line>
    <line>
      <![CDATA[Test Method resides in sathyatest.ProductExcelWrite]]>
    </line>
    <line>
      <![CDATA[Test Method had the following parameters : nullpages.SecuritySolutions@346939bf,pages.SecuritySolutionsProduct@4bf3798b,3,4,]]>
    </line>
    <line>
      <![CDATA[Test Status: Pass]]>
    </line>
    <line>
      <![CDATA[Test Method resides in sathyatest.ProductExcelWrite]]>
    </line>
    <line>
      <![CDATA[Test Method had the following parameters : nullpages.SecuritySolutions@346939bf,pages.SecuritySolutionsProduct@4bf3798b,3,4,]]>
    </line>
    <line>
      <![CDATA[Test Status: Pass]]>
    </line>
    <line>
      <![CDATA[About to begin executing following method : ProductExcelWrite.toCloseBrowser]]>
    </line>
    <line>
      <![CDATA[Completed executing following method : ProductExcelWrite.toCloseBrowser]]>
    </line>
    <line>
      <![CDATA[Completed executing test Test1]]>
    </line>
    <line>
      <![CDATA[Completed executing test Test1]]>
    </line>
    <line>
      <![CDATA[About to begin executing Test Test2]]>
    </line>
    <line>
      <![CDATA[About to begin executing following method : ProductPayment.setUp]]>
    </line>
    <line>
      <![CDATA[Completed executing following method : ProductPayment.setUp]]>
    </line>
    <line>
      <![CDATA[About to begin executing following method : ProductPayment.bMtdGnrlMtd]]>
    </line>
    <line>
      <![CDATA[Completed executing following method : ProductPayment.bMtdGnrlMtd]]>
    </line>
    <line>
      <![CDATA[About to begin executing following method : ProductPayment.paymentProcess]]>
    </line>
    <line>
      <![CDATA[Completed executing following method : ProductPayment.paymentProcess]]>
    </line>
    <line>
      <![CDATA[Test Method resides in sathyatest.ProductPayment]]>
    </line>
    <line>
      <![CDATA[Test Method had the following parameters : nullKarthick,Ramar,Attur,Salem,636112,India,karthick.9042@gmail.com,8015510715,]]>
    </line>
    <line>
      <![CDATA[Test Status: Pass]]>
    </line>
    <line>
      <![CDATA[About to begin executing following method : ProductPayment.toCloseBrowser]]>
    </line>
    <line>
      <![CDATA[Completed executing following method : ProductPayment.toCloseBrowser]]>
    </line>
  </reporter-output>
  <suite name="SathyaElectronics" duration-ms="425301" started-at="2019-07-03T06:10:11Z" finished-at="2019-07-03T06:17:16Z">
    <groups>
    </groups>
    <test name="Test1" duration-ms="97394" started-at="2019-07-03T06:10:11Z" finished-at="2019-07-03T06:11:48Z">
      <class name="sathyatest.ProductExcelWrite">
        <test-method status="PASS" signature="setUp()[pri:0, instance:sathyatest.ProductExcelWrite@6f7fd0e6]" name="setUp" is-config="true" duration-ms="7416" started-at="2019-07-03T11:40:11Z" finished-at="2019-07-03T11:40:18Z">
          <reporter-output>
            <line>
              <![CDATA[Completed executing following method : ProductExcelWrite.setUp]]>
            </line>
          </reporter-output>
        </test-method> <!-- setUp -->
        <test-method status="PASS" signature="bMtdGnrlMtd(java.lang.String)[pri:0, instance:sathyatest.ProductExcelWrite@6f7fd0e6]" name="bMtdGnrlMtd" is-config="true" duration-ms="8284" started-at="2019-07-03T11:40:18Z" finished-at="2019-07-03T11:40:27Z">
          <params>
            <param index="0">
              <value>
                <![CDATA[https://www.sathya.in/]]>
              </value>
            </param>
          </params>
          <reporter-output>
            <line>
              <![CDATA[Completed executing following method : ProductExcelWrite.bMtdGnrlMtd]]>
            </line>
          </reporter-output>
        </test-method> <!-- bMtdGnrlMtd -->
        <test-method status="PASS" signature="generalMtd(interfaces.Webelements1, interfaces.Productsspecs, int, int)[pri:0, instance:sathyatest.ProductExcelWrite@6f7fd0e6]" name="generalMtd" duration-ms="32297" started-at="2019-07-03T11:40:27Z" data-provider="allPageObjects" finished-at="2019-07-03T11:40:59Z">
          <params>
            <param index="0">
              <value>
                <![CDATA[pages.HomeAppliances@3a5ecce3]]>
              </value>
            </param>
            <param index="1">
              <value>
                <![CDATA[pages.HomeAppliancesProduct@561868a0]]>
              </value>
            </param>
            <param index="2">
              <value>
                <![CDATA[1]]>
              </value>
            </param>
            <param index="3">
              <value>
                <![CDATA[2]]>
              </value>
            </param>
          </params>
          <reporter-output>
            <line>
              <![CDATA[About to begin executing following method : ProductExcelWrite.generalMtd]]>
            </line>
            <line>
              <![CDATA[Completed executing following method : ProductExcelWrite.generalMtd]]>
            </line>
            <line>
              <![CDATA[Test Method resides in sathyatest.ProductExcelWrite]]>
            </line>
            <line>
              <![CDATA[Test Method had the following parameters : nullpages.HomeAppliances@3a5ecce3,pages.HomeAppliancesProduct@561868a0,1,2,]]>
            </line>
            <line>
              <![CDATA[Test Status: Pass]]>
            </line>
            <line>
              <![CDATA[Test Method resides in sathyatest.ProductExcelWrite]]>
            </line>
            <line>
              <![CDATA[Test Method had the following parameters : nullpages.HomeAppliances@3a5ecce3,pages.HomeAppliancesProduct@561868a0,1,2,]]>
            </line>
            <line>
              <![CDATA[Test Status: Pass]]>
            </line>
          </reporter-output>
        </test-method> <!-- generalMtd -->
        <test-method status="PASS" signature="bMtdGnrlMtd(java.lang.String)[pri:0, instance:sathyatest.ProductExcelWrite@6f7fd0e6]" name="bMtdGnrlMtd" is-config="true" duration-ms="2761" started-at="2019-07-03T11:40:59Z" finished-at="2019-07-03T11:41:02Z">
          <params>
            <param index="0">
              <value>
                <![CDATA[https://www.sathya.in/]]>
              </value>
            </param>
          </params>
          <reporter-output>
            <line>
              <![CDATA[Completed executing following method : ProductExcelWrite.bMtdGnrlMtd]]>
            </line>
          </reporter-output>
        </test-method> <!-- bMtdGnrlMtd -->
        <test-method status="PASS" signature="generalMtd(interfaces.Webelements1, interfaces.Productsspecs, int, int)[pri:0, instance:sathyatest.ProductExcelWrite@6f7fd0e6]" name="generalMtd" duration-ms="45994" started-at="2019-07-03T11:41:02Z" data-provider="allPageObjects" finished-at="2019-07-03T11:41:48Z">
          <params>
            <param index="0">
              <value>
                <![CDATA[pages.SecuritySolutions@346939bf]]>
              </value>
            </param>
            <param index="1">
              <value>
                <![CDATA[pages.SecuritySolutionsProduct@4bf3798b]]>
              </value>
            </param>
            <param index="2">
              <value>
                <![CDATA[3]]>
              </value>
            </param>
            <param index="3">
              <value>
                <![CDATA[4]]>
              </value>
            </param>
          </params>
          <reporter-output>
            <line>
              <![CDATA[About to begin executing following method : ProductExcelWrite.generalMtd]]>
            </line>
            <line>
              <![CDATA[Completed executing following method : ProductExcelWrite.generalMtd]]>
            </line>
            <line>
              <![CDATA[Test Method resides in sathyatest.ProductExcelWrite]]>
            </line>
            <line>
              <![CDATA[Test Method had the following parameters : nullpages.SecuritySolutions@346939bf,pages.SecuritySolutionsProduct@4bf3798b,3,4,]]>
            </line>
            <line>
              <![CDATA[Test Status: Pass]]>
            </line>
            <line>
              <![CDATA[Test Method resides in sathyatest.ProductExcelWrite]]>
            </line>
            <line>
              <![CDATA[Test Method had the following parameters : nullpages.SecuritySolutions@346939bf,pages.SecuritySolutionsProduct@4bf3798b,3,4,]]>
            </line>
            <line>
              <![CDATA[Test Status: Pass]]>
            </line>
          </reporter-output>
        </test-method> <!-- generalMtd -->
        <test-method status="PASS" signature="toCloseBrowser()[pri:0, instance:sathyatest.ProductExcelWrite@6f7fd0e6]" name="toCloseBrowser" is-config="true" duration-ms="330" started-at="2019-07-03T11:41:48Z" finished-at="2019-07-03T11:41:48Z">
          <reporter-output>
            <line>
              <![CDATA[Completed executing following method : ProductExcelWrite.toCloseBrowser]]>
            </line>
          </reporter-output>
        </test-method> <!-- toCloseBrowser -->
      </class> <!-- sathyatest.ProductExcelWrite -->
    </test> <!-- Test1 -->
    <test name="Test2" duration-ms="327823" started-at="2019-07-03T06:11:48Z" finished-at="2019-07-03T06:17:16Z">
      <class name="sathyatest.ProductPayment">
        <test-method status="PASS" signature="setUp()[pri:0, instance:sathyatest.ProductPayment@13deb50e]" name="setUp" is-config="true" duration-ms="6304" started-at="2019-07-03T11:41:48Z" finished-at="2019-07-03T11:41:54Z">
          <reporter-output>
            <line>
              <![CDATA[Completed executing following method : ProductPayment.setUp]]>
            </line>
          </reporter-output>
        </test-method> <!-- setUp -->
        <test-method status="PASS" signature="bMtdGnrlMtd(java.lang.String)[pri:0, instance:sathyatest.ProductPayment@13deb50e]" name="bMtdGnrlMtd" is-config="true" duration-ms="204118" started-at="2019-07-03T11:41:55Z" finished-at="2019-07-03T11:45:19Z">
          <params>
            <param index="0">
              <value>
                <![CDATA[https://www.sathya.in/]]>
              </value>
            </param>
          </params>
          <reporter-output>
            <line>
              <![CDATA[Completed executing following method : ProductPayment.bMtdGnrlMtd]]>
            </line>
          </reporter-output>
        </test-method> <!-- bMtdGnrlMtd -->
        <test-method status="PASS" signature="paymentProcess(java.lang.String, java.lang.String, java.lang.String, java.lang.String, java.lang.String, java.lang.String, java.lang.String, java.lang.String)[pri:0, instance:sathyatest.ProductPayment@13deb50e]" name="paymentProcess" duration-ms="116392" started-at="2019-07-03T11:45:19Z" data-provider="billingInfo" finished-at="2019-07-03T11:47:15Z">
          <params>
            <param index="0">
              <value>
                <![CDATA[Karthick]]>
              </value>
            </param>
            <param index="1">
              <value>
                <![CDATA[Ramar]]>
              </value>
            </param>
            <param index="2">
              <value>
                <![CDATA[Attur]]>
              </value>
            </param>
            <param index="3">
              <value>
                <![CDATA[Salem]]>
              </value>
            </param>
            <param index="4">
              <value>
                <![CDATA[636112]]>
              </value>
            </param>
            <param index="5">
              <value>
                <![CDATA[India]]>
              </value>
            </param>
            <param index="6">
              <value>
                <![CDATA[karthick.9042@gmail.com]]>
              </value>
            </param>
            <param index="7">
              <value>
                <![CDATA[8015510715]]>
              </value>
            </param>
          </params>
          <reporter-output>
            <line>
              <![CDATA[About to begin executing following method : ProductPayment.paymentProcess]]>
            </line>
            <line>
              <![CDATA[Completed executing following method : ProductPayment.paymentProcess]]>
            </line>
            <line>
              <![CDATA[Test Method resides in sathyatest.ProductPayment]]>
            </line>
            <line>
              <![CDATA[Test Method had the following parameters : nullKarthick,Ramar,Attur,Salem,636112,India,karthick.9042@gmail.com,8015510715,]]>
            </line>
            <line>
              <![CDATA[Test Status: Pass]]>
            </line>
          </reporter-output>
        </test-method> <!-- paymentProcess -->
        <test-method status="PASS" signature="toCloseBrowser()[pri:0, instance:sathyatest.ProductPayment@13deb50e]" name="toCloseBrowser" is-config="true" duration-ms="638" started-at="2019-07-03T11:47:15Z" finished-at="2019-07-03T11:47:16Z">
          <reporter-output>
            <line>
              <![CDATA[Completed executing following method : ProductPayment.toCloseBrowser]]>
            </line>
          </reporter-output>
        </test-method> <!-- toCloseBrowser -->
      </class> <!-- sathyatest.ProductPayment -->
    </test> <!-- Test2 -->
  </suite> <!-- SathyaElectronics -->
</testng-results>
